2026-01-23 10:46:17,639 | tradingagents.tools.unified_news_tool | ERROR    | unified_news_tool:_get_news_from_database:628 | [ç»Ÿä¸€æ–°é—»å·¥å…·] ä»æ•°æ®åº“è·å–æ–°é—»å¤±è´¥: No module named 'tenacity'
2026-01-23 10:46:17,645 | tradingagents.tools.unified_news_tool | ERROR    | unified_news_tool:_get_news_from_database:630 | Traceback (most recent call last):
  File "D:\anti\TradingAgents-AllInOne\src\scripts\../../src\tradingagents\tools\unified_news_tool.py", line 432, in _get_news_from_database
    from tradingagents.dataflows.cache.app_adapter import get_mongodb_client
  File "D:\anti\TradingAgents-AllInOne\src\scripts\../../src\tradingagents\dataflows\__init__.py", line 54, in <module>
    from .interface import (
    ...<27 lines>...
    )
  File "D:\anti\TradingAgents-AllInOne\src\scripts\../../src\tradingagents\dataflows\interface.py", line 12, in <module>
    from .news.google_news import *
  File "D:\anti\TradingAgents-AllInOne\src\scripts\../../src\tradingagents\dataflows\news\google_news.py", line 8, in <module>
    from tenacity import (
    ...<5 lines>...
    )
ModuleNotFoundError: No module named 'tenacity'

2026-01-23 10:46:17,701 | tradingagents.tools.unified_news_tool | ERROR    | unified_news_tool:_fetch_from_scraper:753 | [ç»Ÿä¸€æ–°é—»å·¥å…·] ğŸ•·ï¸ çˆ¬è™«æ‰§è¡Œå‡ºé”™: 'ScraperAdapter' object has no attribute 'search'
2026-01-23 10:46:17,978 | __main__             | ERROR    | verify_news_aggregator:verify_market:45 | âŒ Failed to verify US Share: 'gbk' codec can't encode character '\U0001f4c5' in position 29: illegal multibyte sequence
2026-01-23 10:50:42,870 | tradingagents.tools.unified_news_tool | WARNING  | unified_news_tool:_get_a_share_news:790 | [ç»Ÿä¸€æ–°é—»å·¥å…·] âš ï¸ AKShareå¤šæºå¿«è®¯è·å–å¤±è´¥: No module named 'tenacity'
2026-01-23 10:50:46,723 | tradingagents.tools.unified_news_tool | ERROR    | unified_news_tool:_fetch_from_scraper:753 | [ç»Ÿä¸€æ–°é—»å·¥å…·] ğŸ•·ï¸ çˆ¬è™«æ‰§è¡Œå‡ºé”™: 'ScraperAdapter' object has no attribute 'search'
2026-01-23 10:50:46,728 | tradingagents.tools.unified_news_tool | ERROR    | unified_news_tool:_get_news_from_database:628 | [ç»Ÿä¸€æ–°é—»å·¥å…·] ä»æ•°æ®åº“è·å–æ–°é—»å¤±è´¥: No module named 'tenacity'
2026-01-23 10:50:46,731 | tradingagents.tools.unified_news_tool | ERROR    | unified_news_tool:_get_news_from_database:630 | Traceback (most recent call last):
  File "D:\anti\TradingAgents-AllInOne\src\scripts\../../src\tradingagents\tools\unified_news_tool.py", line 432, in _get_news_from_database
    from tradingagents.dataflows.cache.app_adapter import get_mongodb_client
  File "D:\anti\TradingAgents-AllInOne\src\scripts\../../src\tradingagents\dataflows\__init__.py", line 54, in <module>
    from .interface import (
    ...<27 lines>...
    )
  File "D:\anti\TradingAgents-AllInOne\src\scripts\../../src\tradingagents\dataflows\interface.py", line 12, in <module>
    from .news.google_news import *
  File "D:\anti\TradingAgents-AllInOne\src\scripts\../../src\tradingagents\dataflows\news\google_news.py", line 8, in <module>
    from tenacity import (
    ...<5 lines>...
    )
ModuleNotFoundError: No module named 'tenacity'

2026-01-23 10:50:50,019 | __main__             | ERROR    | verify_news_aggregator:verify_market:47 | âŒ Failed to verify A Share: 'gbk' codec can't encode character '\U0001f4b0' in position 6: illegal multibyte sequence
2026-01-23 10:50:50,387 | tradingagents.tools.unified_news_tool | WARNING  | unified_news_tool:_get_hk_share_news:961 | [ç»Ÿä¸€æ–°é—»å·¥å…·] âš ï¸ Playwrightçˆ¬è™«è°ƒç”¨å¤±è´¥: cannot access free variable 'asyncio' where it is not associated with a value in enclosing scope
2026-01-23 10:51:17,965 | tradingagents.tools.alpha_vantage_news | ERROR    | alpha_vantage_news:get_alpha_vantage_news:90 | [Alpha Vantage] è¯·æ±‚å¤±è´¥: Expecting value: line 1 column 1 (char 0)
2026-01-23 10:51:17,969 | tradingagents.tools.unified_news_tool | WARNING  | unified_news_tool:_get_hk_share_news:1045 | [ç»Ÿä¸€æ–°é—»å·¥å…·] âš ï¸ RSSæ–°é—»è·å–å¤±è´¥: No module named 'feedparser'
2026-01-23 10:51:17,977 | tradingagents.tools.unified_news_tool | ERROR    | unified_news_tool:_get_news_from_database:628 | [ç»Ÿä¸€æ–°é—»å·¥å…·] ä»æ•°æ®åº“è·å–æ–°é—»å¤±è´¥: No module named 'tenacity'
2026-01-23 10:51:17,978 | tradingagents.tools.unified_news_tool | ERROR    | unified_news_tool:_get_news_from_database:630 | Traceback (most recent call last):
  File "D:\anti\TradingAgents-AllInOne\src\scripts\../../src\tradingagents\tools\unified_news_tool.py", line 432, in _get_news_from_database
    from tradingagents.dataflows.cache.app_adapter import get_mongodb_client
  File "D:\anti\TradingAgents-AllInOne\src\scripts\../../src\tradingagents\dataflows\__init__.py", line 54, in <module>
    from .interface import (
    ...<27 lines>...
    )
  File "D:\anti\TradingAgents-AllInOne\src\scripts\../../src\tradingagents\dataflows\interface.py", line 12, in <module>
    from .news.google_news import *
  File "D:\anti\TradingAgents-AllInOne\src\scripts\../../src\tradingagents\dataflows\news\google_news.py", line 8, in <module>
    from tenacity import (
    ...<5 lines>...
    )
ModuleNotFoundError: No module named 'tenacity'

2026-01-23 10:51:19,193 | __main__             | ERROR    | verify_news_aggregator:verify_market:47 | âŒ Failed to verify HK Share: 'gbk' codec can't encode character '\U0001f4b0' in position 6: illegal multibyte sequence
2026-01-23 10:51:22,805 | tradingagents.tools.unified_news_tool | WARNING  | unified_news_tool:_get_us_share_news:1517 | [ç»Ÿä¸€æ–°é—»å·¥å…·] âš ï¸ FinnHubè·å–å¤±è´¥: Expecting value: line 1 column 1 (char 0)
2026-01-23 10:51:26,640 | tradingagents.tools.alpha_vantage_news | ERROR    | alpha_vantage_news:get_alpha_vantage_news:90 | [Alpha Vantage] è¯·æ±‚å¤±è´¥: Expecting value: line 1 column 1 (char 0)
2026-01-23 10:51:31,818 | tradingagents.tools.unified_news_tool | ERROR    | unified_news_tool:_get_news_from_database:628 | [ç»Ÿä¸€æ–°é—»å·¥å…·] ä»æ•°æ®åº“è·å–æ–°é—»å¤±è´¥: No module named 'tenacity'
2026-01-23 10:51:31,818 | tradingagents.tools.unified_news_tool | ERROR    | unified_news_tool:_get_news_from_database:630 | Traceback (most recent call last):
  File "D:\anti\TradingAgents-AllInOne\src\scripts\../../src\tradingagents\tools\unified_news_tool.py", line 432, in _get_news_from_database
    from tradingagents.dataflows.cache.app_adapter import get_mongodb_client
  File "D:\anti\TradingAgents-AllInOne\src\scripts\../../src\tradingagents\dataflows\__init__.py", line 54, in <module>
    from .interface import (
    ...<27 lines>...
    )
  File "D:\anti\TradingAgents-AllInOne\src\scripts\../../src\tradingagents\dataflows\interface.py", line 12, in <module>
    from .news.google_news import *
  File "D:\anti\TradingAgents-AllInOne\src\scripts\../../src\tradingagents\dataflows\news\google_news.py", line 8, in <module>
    from tenacity import (
    ...<5 lines>...
    )
ModuleNotFoundError: No module named 'tenacity'

2026-01-23 10:51:31,821 | tradingagents.tools.unified_news_tool | ERROR    | unified_news_tool:_fetch_from_scraper:753 | [ç»Ÿä¸€æ–°é—»å·¥å…·] ğŸ•·ï¸ çˆ¬è™«æ‰§è¡Œå‡ºé”™: 'ScraperAdapter' object has no attribute 'search'
2026-01-23 10:51:31,847 | __main__             | ERROR    | verify_news_aggregator:verify_market:47 | âŒ Failed to verify US Share: 'gbk' codec can't encode character '\U0001f4c5' in position 29: illegal multibyte sequence
